<?xml version="1.0" encoding="UTF-8"?>
<!-- Generated by org.testng.reporters.JUnitXMLReporter -->
<testsuite ignored="0" hostname="DESKTOP-46VVE2N" failures="0" tests="7" name="Default test" time="39.906" errors="0" timestamp="2025-09-04T15:07:15 EEST">
  <testcase classname="testWorkflows.TestStudentsWorkflow" name="testLogin" time="4.148"/>
  <testcase classname="testWorkflows.TestStudentsWorkflow" name="testViewAllStudents" time="2.555"/>
  <testcase classname="testWorkflows.TestStudentsWorkflow" name="testSearchByName" time="4.142"/>
  <testcase classname="testWorkflows.TestStudentsWorkflow" name="testEditStudent" time="3.289"/>
  <testcase classname="testWorkflows.TestStudentsWorkflow" name="testDeleteStudent" time="3.092"/>
  <testcase classname="testWorkflows.TestStudentsWorkflow" name="testViewStudentReport" time="7.219"/>
  <testcase classname="testWorkflows.TestStudentsWorkflow" name="testPrintList" time="6.244"/>
</testsuite> <!-- Default test -->
