<?xml version="1.0" encoding="UTF-8"?>
<!-- Generated by org.testng.reporters.JUnitXMLReporter -->
<testsuite ignored="0" hostname="BADAHA" failures="0" tests="5" name="Default test" time="17.492" errors="0" timestamp="2025-09-03T19:34:17 EEST">
  <testcase classname="testWorkflows.Employee_Test" name="Login" time="2.549"/>
  <testcase classname="testWorkflows.Employee_Test" name="search" time="1.983"/>
  <testcase classname="testWorkflows.Employee_Test" name="allbutton" time="2.114"/>
  <testcase classname="testWorkflows.Employee_Test" name="Search_with_invalid_Data" time="2.056"/>
  <testcase classname="testWorkflows.Employee_Test" name="delete_emp_byname" time="1.659"/>
</testsuite> <!-- Default test -->
