<?xml version="1.0" encoding="UTF-8"?>
<!-- Generated by org.testng.reporters.JUnitXMLReporter -->
<testsuite ignored="0" hostname="DESKTOP-46VVE2N" failures="0" tests="7" name="Default test" time="42.519" errors="0" timestamp="2025-09-04T14:29:16 EEST">
  <testcase classname="testWorkflows.TestStudentsWorkflow" name="testLogin" time="3.956"/>
  <testcase classname="testWorkflows.TestStudentsWorkflow" name="testViewAllStudents" time="3.232"/>
  <testcase classname="testWorkflows.TestStudentsWorkflow" name="testSearchByName" time="3.354"/>
  <testcase classname="testWorkflows.TestStudentsWorkflow" name="testEditStudent" time="4.586"/>
  <testcase classname="testWorkflows.TestStudentsWorkflow" name="testDeleteStudent" time="3.904"/>
  <testcase classname="testWorkflows.TestStudentsWorkflow" name="testViewStudentReport" time="7.823"/>
  <testcase classname="testWorkflows.TestStudentsWorkflow" name="testPrintList" time="6.461"/>
</testsuite> <!-- Default test -->
