<?xml version="1.0" encoding="UTF-8"?>
<!-- Generated by org.testng.reporters.JUnitXMLReporter -->
<testsuite ignored="0" hostname="BADAHA" failures="0" tests="28" name="Default test" time="178.214" errors="0" timestamp="2025-09-05T01:11:11 EEST">
  <testcase classname="testWorkflows.Employee_Test" name="Login" time="2.759"/>
  <testcase classname="testWorkflows.Employee_Test" name="Update_Emp_info" time="8.994"/>
  <testcase classname="testWorkflows.Employee_Test" name="view_employeeinfo" time="4.527"/>
  <testcase classname="testWorkflows.Employee_Test" name="search" time="3.657"/>
  <testcase classname="testWorkflows.Employee_Test" name="allbutton" time="2.563"/>
  <testcase classname="testWorkflows.Employee_Test" name="Search_with_invalid_Data" time="2.983"/>
  <testcase classname="testWorkflows.Employee_Test" name="delete_emp_byname" time="3.138"/>
  <testcase classname="testWorkflows.Employee_Test" name="addEmployeewithAll_Information_Vlaid" time="6.398"/>
  <testcase classname="testWorkflows.Employee_Test" name="addEmployeewithAll_Information_Vlaid" time="6.611"/>
  <testcase classname="testWorkflows.Employee_Test" name="addEmployeewithAll_Information_Vlaid" time="6.239"/>
  <testcase classname="testWorkflows.Employee_Test" name="addEmployeewithAll_Information_Vlaid" time="6.456"/>
  <testcase classname="testWorkflows.Employee_Test" name="addEmployeewithAll_Information_Vlaid" time="6.523"/>
  <testcase classname="testWorkflows.Employee_Test" name="addEmployeewithAll_Information_Vlaid" time="6.393"/>
  <testcase classname="testWorkflows.Employee_Test" name="addEmployeewithAll_Information_Vlaid" time="6.279"/>
  <testcase classname="testWorkflows.Employee_Test" name="addEmployeewithAll_Information_Vlaid" time="6.287"/>
  <testcase classname="testWorkflows.Employee_Test" name="addEmployeewithAll_Information_Vlaid" time="6.544"/>
  <testcase classname="testWorkflows.Employee_Test" name="addEmployeewithAll_Information_Vlaid" time="6.249"/>
  <testcase classname="testWorkflows.Employee_Test" name="check_valid" time="3.065"/>
  <testcase classname="testWorkflows.Employee_Test" name="addEmployeewithAll_Information_inVlaid" time="6.267"/>
  <testcase classname="testWorkflows.Employee_Test" name="addEmployeewithAll_Information_inVlaid" time="6.71"/>
  <testcase classname="testWorkflows.Employee_Test" name="check_invlaid" time="2.838"/>
  <testcase classname="testWorkflows.Employee_Test" name="addEmployeewithAll_Information_dublicated" time="5.998"/>
  <testcase classname="testWorkflows.Employee_Test" name="addEmployeewithAll_Information_dublicated" time="6.333"/>
  <testcase classname="testWorkflows.Employee_Test" name="addEmployeewithAll_Information_dublicated" time="6.001"/>
  <testcase classname="testWorkflows.Employee_Test" name="check_dublicated" time="2.738"/>
  <testcase classname="testWorkflows.Employee_Test" name="Print_job_letter" time="8.868"/>
  <testcase classname="testWorkflows.Employee_Test" name="Manage_login_Usernam_Password" time="21.056"/>
  <testcase classname="testWorkflows.Employee_Test" name="Login_As_employee" time="8.37"/>
</testsuite> <!-- Default test -->
