<?xml version="1.0" encoding="UTF-8"?>
<!-- Generated by org.testng.reporters.JUnitXMLReporter -->
<testsuite ignored="0" hostname="DESKTOP-46VVE2N" failures="0" tests="7" name="Default test" time="40.508" errors="0" timestamp="2025-09-05T00:53:15 EEST">
  <testcase classname="testWorkflows.TestStudentsWorkflow" name="testLogin" time="3.476"/>
  <testcase classname="testWorkflows.TestStudentsWorkflow" name="testViewAllStudents" time="1.567"/>
  <testcase classname="testWorkflows.TestStudentsWorkflow" name="testSearchByName" time="5.366"/>
  <testcase classname="testWorkflows.TestStudentsWorkflow" name="testEditStudent" time="2.127"/>
  <testcase classname="testWorkflows.TestStudentsWorkflow" name="testDeleteStudent" time="3.088"/>
  <testcase classname="testWorkflows.TestStudentsWorkflow" name="testViewStudentReport" time="6.89"/>
  <testcase classname="testWorkflows.TestStudentsWorkflow" name="testPrintList" time="9.155"/>
</testsuite> <!-- Default test -->
