<?xml version="1.0" encoding="UTF-8"?>
<!-- Generated by org.testng.reporters.JUnitXMLReporter -->
<testsuite ignored="0" hostname="BADAHA" failures="0" tests="11" name="Default test" time="48.073" errors="0" timestamp="2025-09-02T18:27:53 EEST">
  <testcase classname="testWorkflows.Employee_Test" name="Login" time="3.395"/>
  <testcase classname="testWorkflows.Employee_Test" name="addEmployeewithAll_Information_Vlaid" time="3.51"/>
  <testcase classname="testWorkflows.Employee_Test" name="addEmployeewithAll_Information_Vlaid" time="3.759"/>
  <testcase classname="testWorkflows.Employee_Test" name="addEmployeewithAll_Information_Vlaid" time="3.763"/>
  <testcase classname="testWorkflows.Employee_Test" name="addEmployeewithAll_Information_Vlaid" time="3.67"/>
  <testcase classname="testWorkflows.Employee_Test" name="addEmployeewithAll_Information_Vlaid" time="3.804"/>
  <testcase classname="testWorkflows.Employee_Test" name="addEmployeewithAll_Information_Vlaid" time="3.723"/>
  <testcase classname="testWorkflows.Employee_Test" name="addEmployeewithAll_Information_Vlaid" time="3.686"/>
  <testcase classname="testWorkflows.Employee_Test" name="addEmployeewithAll_Information_Vlaid" time="3.817"/>
  <testcase classname="testWorkflows.Employee_Test" name="addEmployeewithAll_Information_Vlaid" time="3.761"/>
  <testcase classname="testWorkflows.Employee_Test" name="addEmployeewithAll_Information_Vlaid" time="3.714"/>
</testsuite> <!-- Default test -->
