<?xml version="1.0" encoding="UTF-8"?>
<!-- Generated by org.testng.reporters.JUnitXMLReporter -->
<testsuite ignored="0" hostname="BADAHA" failures="1" tests="28" name="Default test" time="156.402" errors="0" timestamp="2025-09-05T01:17:47 EEST">
  <testcase classname="testWorkflows.Employee_Test" name="Login" time="2.486"/>
  <testcase classname="testWorkflows.Employee_Test" name="Update_Emp_info" time="8.156"/>
  <testcase classname="testWorkflows.Employee_Test" name="view_employeeinfo" time="4.083"/>
  <testcase classname="testWorkflows.Employee_Test" name="search" time="3.287"/>
  <testcase classname="testWorkflows.Employee_Test" name="allbutton" time="2.319"/>
  <testcase classname="testWorkflows.Employee_Test" name="Search_with_invalid_Data" time="2.549"/>
  <testcase classname="testWorkflows.Employee_Test" name="delete_emp_byname" time="2.718"/>
  <testcase classname="testWorkflows.Employee_Test" name="addEmployeewithAll_Information_Vlaid" time="5.368"/>
  <testcase classname="testWorkflows.Employee_Test" name="addEmployeewithAll_Information_Vlaid" time="5.857"/>
  <testcase classname="testWorkflows.Employee_Test" name="addEmployeewithAll_Information_Vlaid" time="5.407"/>
  <testcase classname="testWorkflows.Employee_Test" name="addEmployeewithAll_Information_Vlaid" time="5.575"/>
  <testcase classname="testWorkflows.Employee_Test" name="addEmployeewithAll_Information_Vlaid" time="5.46"/>
  <testcase classname="testWorkflows.Employee_Test" name="addEmployeewithAll_Information_Vlaid" time="5.664"/>
  <testcase classname="testWorkflows.Employee_Test" name="addEmployeewithAll_Information_Vlaid" time="5.808"/>
  <testcase classname="testWorkflows.Employee_Test" name="addEmployeewithAll_Information_Vlaid" time="5.373"/>
  <testcase classname="testWorkflows.Employee_Test" name="addEmployeewithAll_Information_Vlaid" time="5.605"/>
  <testcase classname="testWorkflows.Employee_Test" name="addEmployeewithAll_Information_Vlaid" time="5.86"/>
  <testcase classname="testWorkflows.Employee_Test" name="check_valid" time="2.947"/>
  <testcase classname="testWorkflows.Employee_Test" name="addEmployeewithAll_Information_inVlaid" time="5.386"/>
  <testcase classname="testWorkflows.Employee_Test" name="addEmployeewithAll_Information_inVlaid" time="5.865"/>
  <testcase classname="testWorkflows.Employee_Test" name="check_invlaid" time="2.081"/>
  <testcase classname="testWorkflows.Employee_Test" name="addEmployeewithAll_Information_dublicated" time="5.243"/>
  <testcase classname="testWorkflows.Employee_Test" name="addEmployeewithAll_Information_dublicated" time="5.566"/>
  <testcase classname="testWorkflows.Employee_Test" name="addEmployeewithAll_Information_dublicated" time="5.347"/>
  <testcase classname="testWorkflows.Employee_Test" name="check_dublicated" time="2.577"/>
  <testcase classname="testWorkflows.Employee_Test" name="Print_job_letter" time="9.103"/>
  <testcase classname="testWorkflows.Employee_Test" name="Manage_login_Usernam_Password" time="20.228"/>
  <testcase classname="testWorkflows.Employee_Test" name="Login_As_employee" time="3.205">
    <failure type="org.openqa.selenium.ElementClickInterceptedException" message="element click intercepted: Element &amp;lt;span title=&amp;quot;...&amp;quot;&amp;gt;Institute Name&amp;lt;/span&amp;gt; is not clickable at point (1404, 36). Other element would receive the click: &amp;lt;div class=&amp;quot;toast-title&amp;quot;&amp;gt;...&amp;lt;/div&amp;gt;
  (Session info: chrome=139.0.7258.155)
Build info: version: &amp;apos;4.20.0&amp;apos;, revision: &amp;apos;866c76ca80&amp;apos;
System info: os.name: &amp;apos;Windows 11&amp;apos;, os.arch: &amp;apos;amd64&amp;apos;, os.version: &amp;apos;10.0&amp;apos;, java.version: &amp;apos;21.0.8&amp;apos;
Driver info: org.openqa.selenium.chrome.ChromeDriver
Command: [e517b8c7fda26d9f85266856241f63bf, clickElement {id=f.51F68A708C16B22899EBE5F92AB165BC.d.C6BF6FBC7BCEB0911199C0ACEB846F7D.e.46856}]
Capabilities {acceptInsecureCerts: false, browserName: chrome, browserVersion: 139.0.7258.155, chrome: {chromedriverVersion: 139.0.7258.154 (9e0d6b2b47f..., userDataDir: C:\Users\badah\AppData\Loca...}, fedcm:accounts: true, goog:chromeOptions: {debuggerAddress: localhost:54280}, networkConnectionEnabled: false, pageLoadStrategy: normal, platformName: windows, proxy: Proxy(), se:cdp: ws://localhost:54280/devtoo..., se:cdpVersion: 139.0.7258.155, setWindowRect: true, strictFileInteractability: false, timeouts: {implicit: 0, pageLoad: 300000, script: 30000}, unhandledPromptBehavior: dismiss and notify, webauthn:extension:credBlob: true, webauthn:extension:largeBlob: true, webauthn:extension:minPinLength: true, webauthn:extension:prf: true, webauthn:virtualAuthenticators: true}
Element: [[ChromeDriver: chrome on windows (e517b8c7fda26d9f85266856241f63bf)] -&amp;gt; xpath: //*[text()=&amp;quot;Institute Name&amp;quot;]]
Session ID: e517b8c7fda26d9f85266856241f63bf">
      <![CDATA[org.openqa.selenium.ElementClickInterceptedException: element click intercepted: Element <span title="...">Institute Name</span> is not clickable at point (1404, 36). Other element would receive the click: <div class="toast-title">...</div>
  (Session info: chrome=139.0.7258.155)
Build info: version: '4.20.0', revision: '866c76ca80'
System info: os.name: 'Windows 11', os.arch: 'amd64', os.version: '10.0', java.version: '21.0.8'
Driver info: org.openqa.selenium.chrome.ChromeDriver
Command: [e517b8c7fda26d9f85266856241f63bf, clickElement {id=f.51F68A708C16B22899EBE5F92AB165BC.d.C6BF6FBC7BCEB0911199C0ACEB846F7D.e.46856}]
Capabilities {acceptInsecureCerts: false, browserName: chrome, browserVersion: 139.0.7258.155, chrome: {chromedriverVersion: 139.0.7258.154 (9e0d6b2b47f..., userDataDir: C:\Users\badah\AppData\Loca...}, fedcm:accounts: true, goog:chromeOptions: {debuggerAddress: localhost:54280}, networkConnectionEnabled: false, pageLoadStrategy: normal, platformName: windows, proxy: Proxy(), se:cdp: ws://localhost:54280/devtoo..., se:cdpVersion: 139.0.7258.155, setWindowRect: true, strictFileInteractability: false, timeouts: {implicit: 0, pageLoad: 300000, script: 30000}, unhandledPromptBehavior: dismiss and notify, webauthn:extension:credBlob: true, webauthn:extension:largeBlob: true, webauthn:extension:minPinLength: true, webauthn:extension:prf: true, webauthn:virtualAuthenticators: true}
Element: [[ChromeDriver: chrome on windows (e517b8c7fda26d9f85266856241f63bf)] -> xpath: //*[text()="Institute Name"]]
Session ID: e517b8c7fda26d9f85266856241f63bf
at java.base/jdk.internal.reflect.DirectConstructorHandleAccessor.newInstance(DirectConstructorHandleAccessor.java:62)
at java.base/java.lang.reflect.Constructor.newInstanceWithCaller(Constructor.java:502)
at java.base/java.lang.reflect.Constructor.newInstance(Constructor.java:486)
at org.openqa.selenium.remote.ErrorCodec.decode(ErrorCodec.java:167)
at org.openqa.selenium.remote.codec.w3c.W3CHttpResponseCodec.decode(W3CHttpResponseCodec.java:138)
at org.openqa.selenium.remote.codec.w3c.W3CHttpResponseCodec.decode(W3CHttpResponseCodec.java:50)
at org.openqa.selenium.remote.HttpCommandExecutor.execute(HttpCommandExecutor.java:190)
at org.openqa.selenium.remote.service.DriverCommandExecutor.invokeExecute(DriverCommandExecutor.java:216)
at org.openqa.selenium.remote.service.DriverCommandExecutor.execute(DriverCommandExecutor.java:174)
at org.openqa.selenium.remote.RemoteWebDriver.execute(RemoteWebDriver.java:518)
at org.openqa.selenium.remote.RemoteWebElement.execute(RemoteWebElement.java:223)
at org.openqa.selenium.remote.RemoteWebElement.click(RemoteWebElement.java:76)
at pages.Employees_Section.LogOut(Employees_Section.java:749)
at testWorkflows.Employee_Test.Login_As_employee(Employee_Test.java:165)
at java.base/jdk.internal.reflect.DirectMethodHandleAccessor.invoke(DirectMethodHandleAccessor.java:103)
at java.base/java.lang.reflect.Method.invoke(Method.java:580)
at org.testng.internal.invokers.MethodInvocationHelper.invokeMethod(MethodInvocationHelper.java:141)
at org.testng.internal.invokers.TestInvoker.invokeMethod(TestInvoker.java:687)
at org.testng.internal.invokers.TestInvoker.invokeTestMethod(TestInvoker.java:230)
at org.testng.internal.invokers.MethodRunner.runInSequence(MethodRunner.java:63)
at org.testng.internal.invokers.TestInvoker$MethodInvocationAgent.invoke(TestInvoker.java:995)
at org.testng.internal.invokers.TestInvoker.invokeTestMethods(TestInvoker.java:203)
at org.testng.internal.invokers.TestMethodWorker.invokeTestMethods(TestMethodWorker.java:154)
at org.testng.internal.invokers.TestMethodWorker.run(TestMethodWorker.java:134)
at java.base/java.util.ArrayList.forEach(ArrayList.java:1596)
at org.testng.TestRunner.privateRun(TestRunner.java:741)
at org.testng.TestRunner.run(TestRunner.java:616)
at org.testng.SuiteRunner.runTest(SuiteRunner.java:421)
at org.testng.SuiteRunner.runSequentially(SuiteRunner.java:413)
at org.testng.SuiteRunner.privateRun(SuiteRunner.java:373)
at org.testng.SuiteRunner.run(SuiteRunner.java:312)
at org.testng.SuiteRunnerWorker.runSuite(SuiteRunnerWorker.java:52)
at org.testng.SuiteRunnerWorker.run(SuiteRunnerWorker.java:95)
at org.testng.TestNG.runSuitesSequentially(TestNG.java:1274)
at org.testng.TestNG.runSuitesLocally(TestNG.java:1208)
at org.testng.TestNG.runSuites(TestNG.java:1112)
at org.testng.TestNG.run(TestNG.java:1079)
at org.testng.remote.AbstractRemoteTestNG.run(AbstractRemoteTestNG.java:115)
at org.testng.remote.RemoteTestNG.initAndRun(RemoteTestNG.java:293)
at org.testng.remote.RemoteTestNG.main(RemoteTestNG.java:91)
]]>
    </failure>
  </testcase> <!-- Login_As_employee -->
</testsuite> <!-- Default test -->
