<?xml version="1.0" encoding="UTF-8"?>
<!-- Generated by org.testng.reporters.JUnitXMLReporter -->
<testsuite ignored="0" hostname="BADAHA" failures="0" tests="28" name="Default test" time="146.396" errors="0" timestamp="2025-09-04T02:23:53 EEST">
  <testcase classname="testWorkflows.Employee_Test" name="Login" time="2.56"/>
  <testcase classname="testWorkflows.Employee_Test" name="Update_Emp_info" time="8.918"/>
  <testcase classname="testWorkflows.Employee_Test" name="view_employeeinfo" time="3.974"/>
  <testcase classname="testWorkflows.Employee_Test" name="search" time="3.3"/>
  <testcase classname="testWorkflows.Employee_Test" name="allbutton" time="1.805"/>
  <testcase classname="testWorkflows.Employee_Test" name="Search_with_invalid_Data" time="3.385"/>
  <testcase classname="testWorkflows.Employee_Test" name="delete_emp_byname" time="2.066"/>
  <testcase classname="testWorkflows.Employee_Test" name="addEmployeewithAll_Information_Vlaid" time="5.851"/>
  <testcase classname="testWorkflows.Employee_Test" name="addEmployeewithAll_Information_Vlaid" time="4.266"/>
  <testcase classname="testWorkflows.Employee_Test" name="addEmployeewithAll_Information_Vlaid" time="4.39"/>
  <testcase classname="testWorkflows.Employee_Test" name="addEmployeewithAll_Information_Vlaid" time="4.239"/>
  <testcase classname="testWorkflows.Employee_Test" name="addEmployeewithAll_Information_Vlaid" time="4.149"/>
  <testcase classname="testWorkflows.Employee_Test" name="addEmployeewithAll_Information_Vlaid" time="4.152"/>
  <testcase classname="testWorkflows.Employee_Test" name="addEmployeewithAll_Information_Vlaid" time="4.296"/>
  <testcase classname="testWorkflows.Employee_Test" name="addEmployeewithAll_Information_Vlaid" time="4.196"/>
  <testcase classname="testWorkflows.Employee_Test" name="addEmployeewithAll_Information_Vlaid" time="4.202"/>
  <testcase classname="testWorkflows.Employee_Test" name="addEmployeewithAll_Information_Vlaid" time="4.274"/>
  <testcase classname="testWorkflows.Employee_Test" name="check_valid" time="2.228"/>
  <testcase classname="testWorkflows.Employee_Test" name="addEmployeewithAll_Information_inVlaid" time="5.69"/>
  <testcase classname="testWorkflows.Employee_Test" name="addEmployeewithAll_Information_inVlaid" time="4.608"/>
  <testcase classname="testWorkflows.Employee_Test" name="check_invlaid" time="1.798"/>
  <testcase classname="testWorkflows.Employee_Test" name="addEmployeewithAll_Information_dublicated" time="5.553"/>
  <testcase classname="testWorkflows.Employee_Test" name="addEmployeewithAll_Information_dublicated" time="4.223"/>
  <testcase classname="testWorkflows.Employee_Test" name="addEmployeewithAll_Information_dublicated" time="4.062"/>
  <testcase classname="testWorkflows.Employee_Test" name="check_dublicated" time="1.811"/>
  <testcase classname="testWorkflows.Employee_Test" name="Print_job_letter" time="9.991"/>
  <testcase classname="testWorkflows.Employee_Test" name="Manage_login_Usernam_Password" time="20.575"/>
  <testcase classname="testWorkflows.Employee_Test" name="Login_As_employee" time="8.302"/>
</testsuite> <!-- Default test -->
