<?xml version="1.0" encoding="UTF-8"?>
<!-- Generated by org.testng.reporters.JUnitXMLReporter -->
<testsuite ignored="0" hostname="BADAHA" failures="0" tests="28" name="Test" time="162.519" errors="0" timestamp="2025-09-05T01:25:29 EEST">
  <testcase classname="testWorkflows.Employee_Test" name="Login" time="2.534"/>
  <testcase classname="testWorkflows.Employee_Test" name="Update_Emp_info" time="8.275"/>
  <testcase classname="testWorkflows.Employee_Test" name="view_employeeinfo" time="4.141"/>
  <testcase classname="testWorkflows.Employee_Test" name="search" time="3.317"/>
  <testcase classname="testWorkflows.Employee_Test" name="allbutton" time="2.287"/>
  <testcase classname="testWorkflows.Employee_Test" name="Search_with_invalid_Data" time="2.741"/>
  <testcase classname="testWorkflows.Employee_Test" name="delete_emp_byname" time="2.793"/>
  <testcase classname="testWorkflows.Employee_Test" name="addEmployeewithAll_Information_Vlaid" time="5.722"/>
  <testcase classname="testWorkflows.Employee_Test" name="addEmployeewithAll_Information_Vlaid" time="5.699"/>
  <testcase classname="testWorkflows.Employee_Test" name="addEmployeewithAll_Information_Vlaid" time="5.402"/>
  <testcase classname="testWorkflows.Employee_Test" name="addEmployeewithAll_Information_Vlaid" time="5.742"/>
  <testcase classname="testWorkflows.Employee_Test" name="addEmployeewithAll_Information_Vlaid" time="5.573"/>
  <testcase classname="testWorkflows.Employee_Test" name="addEmployeewithAll_Information_Vlaid" time="5.747"/>
  <testcase classname="testWorkflows.Employee_Test" name="addEmployeewithAll_Information_Vlaid" time="5.398"/>
  <testcase classname="testWorkflows.Employee_Test" name="addEmployeewithAll_Information_Vlaid" time="5.669"/>
  <testcase classname="testWorkflows.Employee_Test" name="addEmployeewithAll_Information_Vlaid" time="5.717"/>
  <testcase classname="testWorkflows.Employee_Test" name="addEmployeewithAll_Information_Vlaid" time="5.701"/>
  <testcase classname="testWorkflows.Employee_Test" name="check_valid" time="2.799"/>
  <testcase classname="testWorkflows.Employee_Test" name="addEmployeewithAll_Information_inVlaid" time="5.298"/>
  <testcase classname="testWorkflows.Employee_Test" name="addEmployeewithAll_Information_inVlaid" time="5.873"/>
  <testcase classname="testWorkflows.Employee_Test" name="check_invlaid" time="2.344"/>
  <testcase classname="testWorkflows.Employee_Test" name="addEmployeewithAll_Information_dublicated" time="5.162"/>
  <testcase classname="testWorkflows.Employee_Test" name="addEmployeewithAll_Information_dublicated" time="5.279"/>
  <testcase classname="testWorkflows.Employee_Test" name="addEmployeewithAll_Information_dublicated" time="5.395"/>
  <testcase classname="testWorkflows.Employee_Test" name="check_dublicated" time="2.486"/>
  <testcase classname="testWorkflows.Employee_Test" name="Print_job_letter" time="8.578"/>
  <testcase classname="testWorkflows.Employee_Test" name="Manage_login_Usernam_Password" time="20.353"/>
  <testcase classname="testWorkflows.Employee_Test" name="Login_As_employee" time="8.244"/>
</testsuite> <!-- Test -->
