<?xml version="1.0" encoding="UTF-8"?>
<testng-results ignored="0" total="2" passed="2" failed="0" skipped="0">
  <reporter-output>
  </reporter-output>
  <suite started-at="2025-09-03T19:12:04 EEST" name="Default suite" finished-at="2025-09-03T19:12:37 EEST" duration-ms="33904">
    <groups>
    </groups>
    <test started-at="2025-09-03T19:12:04 EEST" name="Default test" finished-at="2025-09-03T19:12:37 EEST" duration-ms="33904">
      <class name="testWorkflows.TestAddStudentWorkflow">
        <test-method is-config="true" signature="setUp()[pri:0, instance:testWorkflows.TestAddStudentWorkflow@7bedc48a]" started-at="2025-09-03T19:12:04 EEST" name="setUp" finished-at="2025-09-03T19:12:13 EEST" duration-ms="9433" status="PASS">
          <reporter-output>
          </reporter-output>
        </test-method> <!-- setUp -->
        <test-method is-config="true" signature="init()[pri:0, instance:testWorkflows.TestAddStudentWorkflow@7bedc48a]" started-at="2025-09-03T19:12:13 EEST" name="init" finished-at="2025-09-03T19:12:13 EEST" duration-ms="9" status="PASS">
          <reporter-output>
          </reporter-output>
        </test-method> <!-- init -->
        <test-method signature="testLogin(java.lang.String,java.lang.String)[pri:1, instance:testWorkflows.TestAddStudentWorkflow@7bedc48a]" started-at="2025-09-03T19:12:13 EEST" name="testLogin" data-provider="Admin Login credentials" finished-at="2025-09-03T19:12:23 EEST" duration-ms="10394" status="PASS">
          <params>
            <param index="0">
              <value>
                <![CDATA[badaha.22@gmail.com]]>
              </value>
            </param>
            <param index="1">
              <value>
                <![CDATA[Aa00147235@@]]>
              </value>
            </param>
          </params>
          <reporter-output>
          </reporter-output>
        </test-method> <!-- testLogin -->
        <test-method signature="testAddStudentWorkflow(java.lang.String,int,java.lang.String,java.lang.String,int)[pri:2, instance:testWorkflows.TestAddStudentWorkflow@7bedc48a]" started-at="2025-09-03T19:12:23 EEST" name="testAddStudentWorkflow" data-provider="Student Data" finished-at="2025-09-03T19:12:37 EEST" duration-ms="13972" status="PASS">
          <params>
            <param index="0">
              <value>
                <![CDATA[Mai Fuad]]>
              </value>
            </param>
            <param index="1">
              <value>
                <![CDATA[26]]>
              </value>
            </param>
            <param index="2">
              <value>
                <![CDATA[09/04/2025]]>
              </value>
            </param>
            <param index="3">
              <value>
                <![CDATA[Grade 10]]>
              </value>
            </param>
            <param index="4">
              <value>
                <![CDATA[20]]>
              </value>
            </param>
          </params>
          <reporter-output>
          </reporter-output>
        </test-method> <!-- testAddStudentWorkflow -->
      </class> <!-- testWorkflows.TestAddStudentWorkflow -->
    </test> <!-- Default test -->
  </suite> <!-- Default suite -->
</testng-results>
